{
  "RSpec": {
    "coverage": {
      "/myapp/app/models/user.rb": {
        "lines": [
          1,
          1,
          null,
          null,
          null,
          1,
          1,
          null,
          null,
          null,
          1,
          null,
          1,
          1,
          1,
          1,
          1,
          1,
          1,
          1,
          1,
          null,
          1,
          1,
          null,
          null,
          1,
          1,
          null,
          null,
          1,
          3,
          null,
          null,
          null,
          1,
          15,
          null,
          8,
          8,
          8,
          null,
          8,
          null,
          null,
          null,
          null,
          null,
          40,
          null,
          null,
          null,
          1,
          13,
          null,
          null,
          null,
          1,
          12,
          null,
          6,
          6,
          null,
          6,
          18,
          18,
          15,
          null,
          3,
          null,
          null,
          null,
          6,
          null,
          null,
          null,
          1,
          3,
          3,
          3,
          null,
          null,
          null,
          null,
          1,
          10,
          10,
          null,
          8,
          null,
          null,
          null,
          null,
          1,
          2,
          2,
          null,
          2,
          null,
          null,
          null,
          null,
          null,
          2,
          2,
          2,
          null,
          null,
          1,
          5,
          null,
          3,
          null,
          null,
          null,
          null,
          null,
          3,
          null,
          null,
          null,
          1,
          5,
          null,
          1,
          null,
          3,
          null,
          1,
          null,
          null,
          null,
          null,
          1,
          20,
          null,
          null,
          null,
          1,
          7,
          null,
          null,
          null,
          1,
          3,
          2,
          null,
          null,
          null,
          1,
          3,
          null,
          null,
          null,
          1,
          7,
          null,
          null,
          null,
          1,
          3,
          null,
          null,
          null,
          1,
          288,
          null,
          null,
          null,
          1,
          2,
          null,
          null,
          null,
          1,
          7,
          null,
          null,
          null,
          1,
          3,
          3,
          null,
          2,
          2,
          null,
          null,
          1,
          null,
          null,
          1,
          290,
          288,
          null,
          null,
          1,
          144,
          null,
          null
        ],
        "branches": {
          "[:if, 0, 37, 4, 37, 33]": {
            "[:then, 1, 37, 4, 37, 16]": 7,
            "[:else, 2, 37, 4, 37, 33]": 8
          },
          "[:if, 3, 59, 4, 59, 29]": {
            "[:then, 4, 59, 4, 59, 12]": 6,
            "[:else, 5, 59, 4, 59, 29]": 6
          },
          "[:if, 6, 66, 6, 70, 9]": {
            "[:then, 7, 67, 8, 67, 17]": 15,
            "[:else, 8, 69, 8, 69, 13]": 3
          },
          "[:if, 9, 87, 4, 87, 34]": {
            "[:then, 10, 87, 4, 87, 23]": 2,
            "[:else, 11, 87, 4, 87, 34]": 8
          },
          "[:\"&.\", 12, 89, 73, 89, 89]": {
            "[:then, 13, 89, 73, 89, 89]": 7,
            "[:else, 14, 89, 73, 89, 89]": 0
          },
          "[:if, 15, 89, 4, 89, 98]": {
            "[:then, 16, 89, 4, 89, 42]": 5,
            "[:else, 17, 89, 4, 89, 98]": 3
          },
          "[:if, 18, 110, 4, 110, 73]": {
            "[:then, 19, 110, 4, 110, 15]": 2,
            "[:else, 20, 110, 4, 110, 73]": 3
          },
          "[:case, 21, 123, 4, 130, 7]": {
            "[:when, 22, 125, 6, 125, 61]": 1,
            "[:when, 23, 127, 6, 127, 37]": 3,
            "[:else, 24, 129, 6, 129, 30]": 1
          },
          "[:\"&.\", 25, 140, 4, 140, 65]": {
            "[:then, 26, 140, 4, 140, 65]": 5,
            "[:else, 27, 140, 4, 140, 65]": 2
          },
          "[:if, 28, 145, 4, 145, 38]": {
            "[:then, 29, 145, 4, 145, 15]": 1,
            "[:else, 30, 145, 4, 145, 38]": 2
          },
          "[:if, 31, 182, 4, 182, 37]": {
            "[:then, 32, 182, 4, 182, 24]": 1,
            "[:else, 33, 182, 4, 182, 37]": 2
          },
          "[:\"&.\", 34, 185, 4, 185, 14]": {
            "[:then, 35, 185, 4, 185, 14]": 1,
            "[:else, 36, 185, 4, 185, 14]": 1
          },
          "[:if, 37, 192, 4, 192, 63]": {
            "[:then, 38, 192, 4, 192, 16]": 2,
            "[:else, 39, 192, 4, 192, 63]": 288
          }
        }
      },
      "/myapp/app/models/application_record.rb": {
        "lines": [
          1,
          1,
          null
        ],
        "branches": {}
      },
      "/myapp/app/helpers/application_helper.rb": {
        "lines": [
          1,
          1,
          1,
          null,
          30,
          null,
          null,
          null,
          null,
          null,
          null,
          null,
          null,
          null,
          null,
          null,
          null,
          null,
          null,
          null,
          null,
          null,
          null,
          null,
          null,
          null,
          null,
          null,
          null,
          null,
          null,
          null,
          null,
          null,
          null,
          null,
          1,
          30,
          30,
          null,
          null,
          1,
          8,
          null,
          3,
          null,
          5,
          null,
          0,
          null,
          null,
          null,
          null,
          1,
          115,
          null,
          null,
          null,
          1,
          4,
          null,
          null,
          null,
          1,
          null,
          0,
          null,
          null,
          null,
          0,
          null,
          null,
          0,
          0,
          null,
          null,
          null,
          0,
          0,
          0,
          0,
          null,
          null,
          null,
          null,
          0,
          null,
          null,
          null,
          null,
          1,
          4,
          null,
          0,
          null,
          0,
          0,
          0,
          null,
          0,
          null,
          0,
          0,
          null,
          0,
          null,
          null,
          0,
          0,
          0,
          null,
          null,
          null,
          0,
          0,
          0,
          0,
          null,
          null,
          0,
          0,
          null,
          0,
          null,
          null,
          0,
          null,
          null,
          0,
          0,
          null,
          0,
          null,
          null,
          0,
          null,
          null
        ],
        "branches": {
          "[:if, 0, 39, 4, 39, 60]": {
            "[:then, 1, 39, 21, 39, 47]": 28,
            "[:else, 2, 39, 50, 39, 60]": 2
          },
          "[:case, 3, 43, 4, 50, 7]": {
            "[:when, 4, 45, 6, 45, 35]": 3,
            "[:when, 5, 47, 6, 47, 31]": 5,
            "[:else, 6, 49, 6, 49, 35]": 0
          },
          "[:if, 7, 66, 4, 66, 42]": {
            "[:then, 8, 66, 4, 66, 14]": 0,
            "[:else, 9, 66, 4, 66, 42]": 0
          },
          "[:if, 10, 73, 6, 75, 9]": {
            "[:then, 11, 74, 8, 74, 30]": 0,
            "[:else, 12, 73, 6, 75, 9]": 0
          },
          "[:\"&.\", 13, 78, 9, 78, 42]": {
            "[:then, 14, 78, 9, 78, 42]": 0,
            "[:else, 15, 78, 9, 78, 42]": 0
          },
          "[:if, 16, 78, 6, 82, 9]": {
            "[:then, 17, 79, 8, 81, 30]": 0,
            "[:else, 18, 78, 6, 82, 9]": 0
          },
          "[:if, 19, 92, 4, 92, 55]": {
            "[:then, 20, 92, 4, 92, 23]": 4,
            "[:else, 21, 92, 4, 92, 55]": 0
          },
          "[:if, 22, 102, 4, 106, 7]": {
            "[:then, 23, 103, 6, 103, 59]": 0,
            "[:else, 24, 105, 6, 105, 61]": 0
          },
          "[:if, 25, 116, 6, 118, 9]": {
            "[:then, 26, 117, 8, 117, 69]": 0,
            "[:else, 27, 116, 6, 118, 9]": 0
          },
          "[:if, 28, 120, 6, 124, 9]": {
            "[:then, 29, 121, 8, 121, 63]": 0,
            "[:else, 30, 123, 8, 123, 54]": 0
          },
          "[:if, 31, 129, 4, 133, 7]": {
            "[:then, 32, 130, 6, 130, 59]": 0,
            "[:else, 33, 132, 6, 132, 61]": 0
          }
        }
      },
      "/myapp/app/helpers/notifications_helper.rb": {
        "lines": [
          1,
          1,
          0,
          null,
          0,
          null,
          0,
          null,
          null,
          null
        ],
        "branches": {
          "[:case, 0, 3, 4, 8, 7]": {
            "[:when, 1, 5, 6, 5, 44]": 0,
            "[:else, 2, 7, 6, 7, 15]": 0
          }
        }
      },
      "/myapp/app/helpers/thumbnail_helper.rb": {
        "lines": [
          1,
          null,
          1,
          1,
          0,
          0,
          null,
          null,
          0,
          0,
          0,
          null,
          null,
          null,
          0,
          0,
          null,
          0,
          0,
          null,
          null,
          0,
          0,
          0,
          null,
          0,
          0,
          0,
          0,
          0,
          null,
          null,
          null,
          0,
          null,
          null,
          0,
          null,
          null,
          0,
          0,
          null,
          null,
          null,
          null
        ],
        "branches": {
          "[:if, 0, 18, 8, 38, 11]": {
            "[:then, 1, 19, 10, 34, 17]": 0,
            "[:else, 2, 37, 10, 37, 83]": 0
          },
          "[:\"&.\", 3, 19, 26, 19, 67]": {
            "[:then, 4, 19, 26, 19, 67]": 0,
            "[:else, 5, 19, 26, 19, 67]": 0
          },
          "[:\"&.\", 6, 20, 25, 20, 64]": {
            "[:then, 7, 20, 25, 20, 64]": 0,
            "[:else, 8, 20, 25, 20, 64]": 0
          },
          "[:\"&.\", 9, 21, 25, 21, 66]": {
            "[:then, 10, 21, 25, 21, 66]": 0,
            "[:else, 11, 21, 25, 21, 66]": 0
          },
          "[:\"&.\", 12, 23, 23, 23, 56]": {
            "[:then, 13, 23, 23, 23, 56]": 0,
            "[:else, 14, 23, 23, 23, 56]": 0
          },
          "[:if, 15, 28, 12, 32, 15]": {
            "[:then, 16, 29, 14, 31, 17]": 0,
            "[:else, 17, 28, 12, 32, 15]": 0
          }
        }
      },
      "/myapp/app/models/board.rb": {
        "lines": [
          1,
          1,
          1,
          1,
          1,
          1,
          1,
          1,
          null,
          1,
          1,
          1,
          1,
          1,
          1,
          null,
          1,
          1,
          1,
          1,
          null,
          1,
          95,
          1,
          null,
          null,
          null,
          1,
          95,
          1,
          null,
          null,
          null,
          null,
          1,
          2,
          null,
          1,
          null,
          null,
          null,
          null,
          null,
          null,
          1,
          4,
          null,
          null,
          1,
          4,
          null,
          null,
          null,
          1,
          95,
          null,
          null,
          8,
          null,
          8,
          2,
          null,
          null,
          null,
          null,
          1,
          9,
          null,
          8,
          8,
          8,
          null,
          null,
          null,
          1,
          7,
          null,
          null,
          null,
          1,
          2,
          null,
          null
        ],
        "branches": {
          "[:if, 0, 23, 4, 25, 7]": {
            "[:then, 1, 24, 6, 24, 88]": 1,
            "[:else, 2, 23, 4, 25, 7]": 94
          },
          "[:if, 3, 29, 4, 31, 7]": {
            "[:then, 4, 30, 6, 30, 73]": 1,
            "[:else, 5, 29, 4, 31, 7]": 94
          },
          "[:unless, 6, 36, 4, 36, 33]": {
            "[:else, 7, 36, 4, 36, 33]": 1,
            "[:then, 8, 36, 4, 36, 10]": 1
          },
          "[:if, 9, 55, 4, 55, 33]": {
            "[:then, 10, 55, 4, 55, 10]": 87,
            "[:else, 11, 55, 4, 55, 33]": 8
          },
          "[:unless, 12, 60, 4, 62, 7]": {
            "[:else, 13, 60, 4, 62, 7]": 6,
            "[:then, 14, 61, 6, 61, 85]": 2
          },
          "[:if, 15, 67, 4, 67, 37]": {
            "[:then, 16, 67, 4, 67, 14]": 1,
            "[:else, 17, 67, 4, 67, 37]": 8
          },
          "[:if, 18, 71, 4, 71, 26]": {
            "[:then, 19, 71, 12, 71, 20]": 6,
            "[:else, 20, 71, 4, 71, 26]": 2
          }
        }
      },
      "/myapp/app/models/bookmark.rb": {
        "lines": [
          1,
          1,
          1,
          null,
          1,
          null
        ],
        "branches": {}
      },
      "/myapp/app/models/cheer.rb": {
        "lines": [
          1,
          1,
          1,
          null,
          1,
          null,
          1,
          null,
          1,
          null,
          1,
          1,
          6,
          null,
          null
        ],
        "branches": {}
      },
      "/myapp/app/models/goal.rb": {
        "lines": [
          1,
          1,
          1,
          null,
          1,
          1,
          null
        ],
        "branches": {}
      },
      "/myapp/app/models/line_link_token.rb": {
        "lines": [
          1,
          1,
          1,
          null,
          5,
          null,
          1,
          4,
          null,
          null,
          1,
          3,
          3,
          null,
          null,
          null
        ],
        "branches": {}
      },
      "/myapp/app/models/line_notification.rb": {
        "lines": [
          1,
          1,
          null,
          1,
          1,
          1,
          null,
          1,
          null,
          null,
          3,
          null,
          null,
          1,
          1,
          null,
          null,
          null,
          null,
          null,
          null,
          1,
          5,
          null,
          null,
          null,
          1,
          2,
          1,
          null,
          null,
          1,
          null,
          1,
          17,
          null,
          null
        ],
        "branches": {
          "[:if, 0, 28, 4, 28, 40]": {
            "[:then, 1, 28, 4, 28, 15]": 1,
            "[:else, 2, 28, 4, 28, 40]": 1
          },
          "[:if, 3, 35, 4, 35, 65]": {
            "[:then, 4, 35, 4, 35, 36]": 0,
            "[:else, 5, 35, 4, 35, 65]": 17
          }
        }
      },
      "/myapp/app/models/notification.rb": {
        "lines": [
          1,
          1,
          1,
          null,
          1,
          null
        ],
        "branches": {}
      },
      "/myapp/app/models/oauth_account.rb": {
        "lines": [
          1,
          1,
          null,
          1,
          1,
          1,
          null,
          null
        ],
        "branches": {}
      },
      "/myapp/app/models/stretch_distance.rb": {
        "lines": [
          1,
          1,
          1,
          null,
          null,
          1,
          null,
          null,
          null,
          null,
          null,
          null,
          null,
          null,
          null,
          null,
          null,
          null,
          null,
          null,
          null,
          null,
          null,
          null,
          null,
          null,
          null,
          null,
          1,
          null,
          null,
          null,
          null,
          null,
          1,
          null,
          1,
          null,
          1,
          3,
          null,
          null,
          1,
          null,
          1,
          12,
          null,
          null,
          1,
          12,
          12,
          12,
          null,
          null
        ],
        "branches": {
          "[:unless, 0, 50, 4, 50, 48]": {
            "[:else, 1, 50, 4, 50, 48]": 12,
            "[:then, 2, 50, 4, 50, 14]": 0
          },
          "[:\"&.\", 3, 52, 4, 52, 21]": {
            "[:then, 4, 52, 4, 52, 21]": 11,
            "[:else, 5, 52, 4, 52, 21]": 1
          }
        }
      },
      "/myapp/app/controllers/notifications_controller.rb": {
        "lines": [
          1,
          1,
          2,
          2,
          null,
          null,
          1,
          1,
          1,
          null,
          null
        ],
        "branches": {}
      },
      "/myapp/app/controllers/application_controller.rb": {
        "lines": [
          1,
          1,
          1,
          1,
          null,
          1,
          null,
          1,
          null,
          1,
          0,
          null,
          null,
          1,
          1,
          null,
          65,
          null,
          null,
          64,
          5,
          null,
          null,
          59,
          null,
          59,
          1,
          null,
          null,
          null,
          1,
          3,
          3,
          null,
          null
        ],
        "branches": {
          "[:if, 0, 17, 2, 17, 76]": {
            "[:then, 1, 17, 2, 17, 8]": 1,
            "[:else, 2, 17, 2, 17, 76]": 64
          },
          "[:if, 3, 20, 2, 22, 5]": {
            "[:then, 4, 21, 4, 21, 10]": 5,
            "[:else, 5, 20, 2, 22, 5]": 59
          },
          "[:if, 6, 26, 4, 28, 7]": {
            "[:then, 7, 27, 6, 27, 80]": 1,
            "[:else, 8, 26, 4, 28, 7]": 58
          }
        }
      },
      "/myapp/app/controllers/users/registrations_controller.rb": {
        "lines": [
          null,
          null,
          1,
          1,
          1,
          null,
          null,
          null,
          null,
          null,
          null,
          null,
          null,
          null,
          null,
          null,
          null,
          null,
          null,
          null,
          null,
          null,
          null,
          null,
          null,
          null,
          null,
          null,
          1,
          1,
          1,
          0,
          null,
          null,
          null,
          null,
          1,
          0,
          0,
          null,
          0,
          0,
          null,
          0,
          0,
          0,
          null,
          0,
          null,
          0,
          0,
          null,
          0,
          0,
          0,
          null,
          null,
          null,
          1,
          0,
          0,
          null,
          null,
          null,
          null,
          null,
          null,
          null,
          null,
          null,
          null,
          null,
          null,
          null,
          null,
          null,
          null,
          null,
          null,
          null,
          null,
          null,
          null,
          null,
          null,
          null,
          null,
          null,
          null,
          null,
          null,
          null,
          null,
          null,
          null,
          null,
          null,
          null,
          1,
          null,
          null,
          1,
          1,
          null,
          null,
          1,
          0,
          null,
          null,
          1,
          null,
          1,
          0,
          null,
          null,
          null,
          null
        ],
        "branches": {
          "[:if, 0, 31, 6, 33, 9]": {
            "[:then, 1, 32, 8, 32, 67]": 0,
            "[:else, 2, 31, 6, 33, 9]": 1
          },
          "[:if, 3, 39, 4, 39, 99]": {
            "[:then, 4, 39, 4, 39, 55]": 0,
            "[:else, 5, 39, 4, 39, 99]": 0
          },
          "[:if, 6, 42, 4, 42, 34]": {
            "[:then, 7, 42, 4, 42, 18]": 0,
            "[:else, 8, 42, 4, 42, 34]": 0
          },
          "[:if, 9, 44, 4, 56, 7]": {
            "[:then, 10, 45, 6, 51, 49]": 0,
            "[:else, 11, 53, 6, 55, 27]": 0
          },
          "[:if, 12, 45, 6, 49, 9]": {
            "[:then, 13, 46, 8, 46, 148]": 0,
            "[:else, 14, 48, 8, 48, 73]": 0
          }
        }
      },
      "/myapp/app/controllers/goals_controller.rb": {
        "lines": [
          1,
          1,
          1,
          null,
          1,
          2,
          0,
          null,
          2,
          null,
          null,
          null,
          1,
          3,
          3,
          2,
          null,
          1,
          1,
          null,
          null,
          null,
          1,
          null,
          1,
          1,
          0,
          null,
          1,
          1,
          null,
          null,
          null,
          1,
          null,
          1,
          3,
          null,
          null,
          1,
          4,
          null,
          null
        ],
        "branches": {
          "[:if, 0, 6, 4, 10, 7]": {
            "[:then, 1, 7, 6, 7, 81]": 0,
            "[:else, 2, 9, 6, 9, 37]": 2
          },
          "[:if, 3, 15, 4, 20, 7]": {
            "[:then, 4, 16, 6, 16, 82]": 2,
            "[:else, 5, 18, 6, 19, 48]": 1
          },
          "[:if, 6, 26, 4, 31, 7]": {
            "[:then, 7, 27, 6, 27, 82]": 0,
            "[:else, 8, 29, 6, 30, 49]": 1
          }
        }
      },
      "/myapp/app/controllers/boards_controller.rb": {
        "lines": [
          1,
          1,
          2,
          null,
          null,
          1,
          3,
          1,
          null,
          2,
          null,
          null,
          2,
          0,
          0,
          null,
          null,
          0,
          null,
          null,
          null,
          null,
          1,
          6,
          1,
          1,
          null,
          null,
          5,
          null,
          5,
          5,
          5,
          5,
          5,
          5,
          null,
          null,
          null,
          5,
          1,
          1,
          null,
          null,
          5,
          null,
          4,
          4,
          null,
          null,
          4,
          null,
          1,
          1,
          null,
          null,
          null,
          1,
          1,
          null,
          null,
          1,
          2,
          null,
          null,
          1,
          2,
          2,
          1,
          null,
          1,
          1,
          null,
          null,
          null,
          1,
          1,
          1,
          1,
          null,
          null,
          1,
          1,
          null,
          null,
          1,
          3,
          1,
          1,
          null,
          null,
          null,
          2,
          null,
          null,
          null,
          null,
          1,
          null,
          null,
          1,
          null,
          null,
          null,
          null,
          null,
          null,
          null,
          null,
          null,
          null,
          1,
          1,
          null,
          null,
          null,
          1,
          null,
          1,
          7,
          null,
          null,
          null,
          null,
          null,
          null,
          null,
          null,
          null,
          null,
          null,
          null,
          7,
          7,
          null,
          null,
          null,
          1,
          0,
          null,
          0,
          null,
          0,
          null,
          0,
          null,
          0,
          null,
          0,
          null,
          null,
          0,
          null,
          null,
          null,
          null,
          null,
          null,
          null
        ],
        "branches": {
          "[:if, 0, 7, 4, 20, 7]": {
            "[:then, 1, 8, 6, 8, 76]": 1,
            "[:else, 2, 10, 6, 19, 9]": 2
          },
          "[:if, 3, 13, 6, 19, 9]": {
            "[:then, 4, 14, 8, 18, 49]": 0,
            "[:else, 5, 13, 6, 19, 9]": 2
          },
          "[:if, 6, 24, 4, 27, 7]": {
            "[:then, 7, 25, 6, 26, 40]": 1,
            "[:else, 8, 24, 4, 27, 7]": 5
          },
          "[:if, 9, 31, 4, 37, 7]": {
            "[:then, 10, 32, 6, 36, 59]": 5,
            "[:else, 11, 31, 4, 37, 7]": 0
          },
          "[:if, 12, 40, 4, 43, 7]": {
            "[:then, 13, 41, 6, 42, 70]": 1,
            "[:else, 14, 40, 4, 43, 7]": 4
          },
          "[:if, 15, 42, 6, 42, 70]": {
            "[:then, 16, 42, 6, 42, 50]": 1,
            "[:else, 17, 42, 6, 42, 70]": 0
          },
          "[:if, 18, 45, 4, 55, 7]": {
            "[:then, 19, 47, 6, 51, 80]": 4,
            "[:else, 20, 53, 6, 54, 48]": 1
          },
          "[:if, 21, 47, 6, 49, 9]": {
            "[:then, 22, 48, 8, 48, 67]": 4,
            "[:else, 23, 47, 6, 49, 9]": 0
          },
          "[:if, 24, 68, 4, 73, 7]": {
            "[:then, 25, 69, 6, 69, 80]": 1,
            "[:else, 26, 71, 6, 72, 49]": 1
          },
          "[:if, 27, 87, 4, 90, 7]": {
            "[:then, 28, 88, 6, 89, 12]": 1,
            "[:else, 29, 87, 4, 90, 7]": 2
          },
          "[:case, 30, 139, 29, 150, 7]": {
            "[:when, 31, 141, 6, 141, 14]": 0,
            "[:when, 32, 143, 6, 143, 14]": 0,
            "[:when, 33, 145, 6, 145, 14]": 0,
            "[:when, 34, 147, 6, 147, 17]": 0,
            "[:else, 35, 149, 6, 149, 39]": 0
          }
        }
      },
      "/myapp/app/controllers/stretch_distances_controller.rb": {
        "lines": [
          1,
          1,
          1,
          1,
          null,
          1,
          2,
          2,
          null,
          null,
          1,
          2,
          null,
          2,
          null,
          2,
          1,
          null,
          null,
          null,
          null,
          null,
          null,
          null,
          1,
          null,
          null,
          null,
          null,
          null,
          null,
          1,
          1,
          null,
          null,
          1,
          2,
          null,
          1,
          null,
          null,
          null,
          null,
          null,
          1,
          null,
          1,
          null,
          null,
          1,
          null,
          1,
          2,
          null,
          1,
          null,
          null,
          1,
          11,
          5,
          5,
          null,
          5,
          null,
          null,
          null,
          null
        ],
        "branches": {
          "[:if, 0, 16, 2, 29, 5]": {
            "[:then, 1, 17, 4, 23, 5]": 1,
            "[:else, 2, 25, 4, 28, 36]": 1
          },
          "[:unless, 3, 59, 4, 65, 7]": {
            "[:else, 4, 59, 4, 65, 7]": 6,
            "[:then, 5, 60, 6, 64, 229]": 5
          }
        }
      },
      "/myapp/app/controllers/home_controller.rb": {
        "lines": [
          1,
          1,
          2,
          2,
          null,
          2,
          null,
          null,
          null,
          null,
          null,
          null,
          null,
          null,
          null
        ],
        "branches": {}
      },
      "/myapp/app/controllers/line_webhook_controller.rb": {
        "lines": [
          1,
          1,
          null,
          null,
          1,
          9,
          9,
          null,
          9,
          2,
          2,
          null,
          null,
          6,
          6,
          6,
          null,
          3,
          null,
          2,
          null,
          null,
          null,
          null,
          null,
          6,
          null,
          0,
          0,
          null,
          1,
          1,
          null,
          null,
          null,
          1,
          1,
          3,
          3,
          null,
          3,
          1,
          null,
          null,
          null,
          2,
          1,
          1,
          null,
          null,
          null,
          1,
          null,
          null,
          null,
          null,
          null,
          null,
          1,
          null,
          1,
          null,
          1,
          null,
          0,
          0,
          null,
          null,
          1,
          null,
          1,
          8,
          8,
          null,
          8,
          8,
          8,
          null,
          null,
          1,
          6,
          null,
          null,
          null,
          null,
          1,
          3,
          3,
          3,
          null,
          null,
          3,
          3,
          null,
          null,
          null,
          null,
          null,
          null,
          3,
          null,
          null,
          3,
          3,
          null,
          null,
          1,
          2,
          2,
          2,
          2,
          null,
          null,
          2,
          1,
          1,
          null,
          null,
          null,
          null,
          null,
          1,
          1,
          1,
          null,
          null,
          null,
          1,
          4,
          4,
          null,
          null,
          1,
          2,
          2,
          2,
          null,
          2,
          1,
          null,
          null,
          0,
          0,
          null,
          null,
          1,
          4,
          4,
          4,
          4,
          4,
          2,
          null,
          2,
          2,
          null,
          null,
          0,
          0,
          null,
          null
        ],
        "branches": {
          "[:unless, 0, 9, 4, 12, 7]": {
            "[:else, 1, 9, 4, 12, 7]": 6,
            "[:then, 2, 10, 6, 11, 34]": 2
          },
          "[:case, 3, 16, 6, 23, 9]": {
            "[:when, 4, 18, 8, 18, 34]": 3,
            "[:when, 5, 20, 8, 20, 35]": 2,
            "[:else, 6, 21, 10, 21, 10]": 1
          },
          "[:if, 7, 41, 4, 43, 7]": {
            "[:then, 8, 42, 6, 42, 119]": 1,
            "[:else, 9, 41, 4, 43, 7]": 2
          },
          "[:if, 10, 46, 4, 49, 7]": {
            "[:then, 11, 47, 6, 48, 118]": 1,
            "[:else, 12, 46, 4, 49, 7]": 1
          },
          "[:unless, 13, 47, 6, 47, 73]": {
            "[:else, 14, 47, 6, 47, 73]": 0,
            "[:then, 15, 47, 6, 47, 45]": 1
          },
          "[:if, 16, 73, 4, 73, 32]": {
            "[:then, 17, 73, 4, 73, 15]": 0,
            "[:else, 18, 73, 4, 73, 32]": 8
          },
          "[:if, 19, 89, 4, 89, 38]": {
            "[:then, 20, 89, 4, 89, 10]": 0,
            "[:else, 21, 89, 4, 89, 38]": 3
          },
          "[:unless, 22, 104, 4, 104, 105]": {
            "[:else, 23, 104, 4, 104, 105]": 1,
            "[:then, 24, 104, 4, 104, 93]": 2
          },
          "[:if, 25, 111, 4, 111, 38]": {
            "[:then, 26, 111, 4, 111, 10]": 0,
            "[:else, 27, 111, 4, 111, 38]": 2
          },
          "[:if, 28, 114, 4, 125, 7]": {
            "[:then, 29, 115, 6, 124, 98]": 1,
            "[:else, 30, 114, 4, 125, 7]": 1
          },
          "[:unless, 31, 124, 6, 124, 98]": {
            "[:else, 32, 124, 6, 124, 98]": 1,
            "[:then, 33, 124, 6, 124, 86]": 0
          },
          "[:unless, 34, 138, 4, 140, 7]": {
            "[:else, 35, 138, 4, 140, 7]": 1,
            "[:then, 36, 139, 6, 139, 77]": 1
          },
          "[:if, 37, 147, 4, 147, 38]": {
            "[:then, 38, 147, 4, 147, 16]": 0,
            "[:else, 39, 147, 4, 147, 38]": 4
          },
          "[:if, 40, 151, 4, 156, 7]": {
            "[:then, 41, 152, 6, 152, 10]": 2,
            "[:else, 42, 154, 6, 155, 11]": 2
          }
        }
      },
      "/myapp/app/controllers/users_controller.rb": {
        "lines": [
          1,
          1,
          1,
          1,
          null,
          1,
          2,
          2,
          2,
          2,
          2,
          null,
          2,
          2,
          2,
          null,
          null,
          null,
          1,
          null,
          null,
          1,
          2,
          1,
          null,
          1,
          null,
          null,
          null,
          1,
          null,
          1,
          6,
          null,
          null,
          1,
          4,
          null,
          null,
          1,
          2,
          null,
          null,
          1,
          2,
          null,
          2,
          2,
          null,
          2,
          0,
          0,
          null,
          null,
          2,
          null,
          null
        ],
        "branches": {
          "[:if, 0, 23, 4, 27, 7]": {
            "[:then, 1, 24, 6, 24, 92]": 1,
            "[:else, 2, 26, 6, 26, 57]": 1
          },
          "[:unless, 3, 37, 4, 37, 54]": {
            "[:else, 4, 37, 4, 37, 54]": 3,
            "[:then, 5, 37, 4, 37, 25]": 1
          },
          "[:while, 6, 50, 4, 53, 7]": {
            "[:body, 7, 51, 6, 52, 16]": 0
          }
        }
      },
      "/myapp/app/controllers/line_auth_controller.rb": {
        "lines": [
          1,
          1,
          null,
          1,
          2,
          2,
          null,
          2,
          1,
          1,
          1,
          null,
          1,
          null,
          1,
          null,
          1,
          null,
          null,
          2,
          null,
          null
        ],
        "branches": {
          "[:if, 0, 8, 4, 18, 7]": {
            "[:then, 1, 9, 6, 15, 57]": 1,
            "[:else, 2, 17, 6, 17, 59]": 1
          },
          "[:\"&.\", 3, 10, 8, 10, 28]": {
            "[:then, 4, 10, 8, 10, 28]": 1,
            "[:else, 5, 10, 8, 10, 28]": 0
          },
          "[:\"&.\", 6, 13, 8, 13, 84]": {
            "[:then, 7, 13, 8, 13, 84]": 1,
            "[:else, 8, 13, 8, 13, 84]": 0
          }
        }
      },
      "/myapp/app/controllers/statics_controller.rb": {
        "lines": [
          1,
          1,
          null,
          null,
          1,
          null,
          null
        ],
        "branches": {}
      },
      "/myapp/app/controllers/cheers_controller.rb": {
        "lines": [
          1,
          1,
          1,
          1,
          1,
          null,
          1,
          2,
          1,
          0,
          null,
          null,
          null,
          null,
          null,
          null,
          null,
          null,
          1,
          1,
          1,
          1,
          null,
          1,
          2,
          1,
          0,
          null,
          null,
          null,
          null,
          null,
          null,
          null,
          null
        ],
        "branches": {}
      },
      "/myapp/app/controllers/reminder_settings_controller.rb": {
        "lines": [
          1,
          1,
          null,
          1,
          1,
          null,
          null,
          1,
          2,
          null,
          2,
          1,
          null,
          1,
          null,
          null,
          null,
          1,
          null,
          1,
          2,
          null,
          null
        ],
        "branches": {
          "[:if, 0, 11, 4, 15, 7]": {
            "[:then, 1, 12, 6, 12, 79]": 1,
            "[:else, 2, 14, 6, 14, 49]": 1
          }
        }
      },
      "/myapp/app/controllers/bookmarks_controller.rb": {
        "lines": [
          1,
          1,
          1,
          1,
          1,
          null,
          1,
          2,
          1,
          0,
          null,
          null,
          null,
          null,
          null,
          null,
          null,
          null,
          1,
          1,
          1,
          1,
          null,
          1,
          2,
          1,
          0,
          null,
          null,
          null,
          null,
          null,
          null,
          null,
          null
        ],
        "branches": {}
      },
      "/myapp/app/channels/application_cable/channel.rb": {
        "lines": [
          0,
          0,
          0,
          0
        ],
        "branches": {}
      },
      "/myapp/app/channels/application_cable/connection.rb": {
        "lines": [
          0,
          0,
          0,
          0
        ],
        "branches": {}
      },
      "/myapp/app/controllers/users/confirmations_controller.rb": {
        "lines": [
          null,
          null,
          0,
          null,
          null,
          null,
          null,
          null,
          null,
          null,
          null,
          null,
          null,
          null,
          null,
          null,
          null,
          null,
          null,
          null,
          null,
          null,
          null,
          null,
          null,
          null,
          null,
          null,
          null,
          0
        ],
        "branches": {}
      },
      "/myapp/app/controllers/users/omniauth_callbacks_controller.rb": {
        "lines": [
          0,
          0,
          null,
          0,
          0,
          0,
          null,
          0,
          0,
          0,
          null,
          0,
          null,
          0,
          0,
          0,
          0,
          0,
          0,
          null,
          0,
          null,
          0,
          0,
          null,
          null,
          0,
          0,
          0,
          0,
          0,
          null,
          null,
          0,
          0,
          0,
          0,
          null,
          null,
          0,
          0,
          0,
          0,
          0,
          null,
          0,
          0,
          null,
          0,
          0,
          null,
          0,
          0,
          0,
          null,
          0,
          0,
          null,
          0,
          null,
          0,
          0,
          0,
          null,
          0,
          0,
          null,
          null,
          0,
          0,
          0,
          null,
          null,
          0,
          0,
          0,
          0,
          0,
          0,
          0,
          0,
          null,
          0,
          0,
          0,
          null,
          0,
          0,
          0,
          0,
          0,
          0,
          null,
          null,
          0,
          0,
          null,
          0,
          0,
          0,
          0,
          0,
          0,
          0,
          0,
          null,
          0,
          0,
          0,
          0
        ],
        "branches": {}
      },
      "/myapp/app/controllers/users/passwords_controller.rb": {
        "lines": [
          null,
          null,
          0,
          null,
          null,
          null,
          null,
          null,
          null,
          null,
          null,
          null,
          null,
          null,
          null,
          null,
          null,
          null,
          null,
          null,
          null,
          null,
          null,
          null,
          null,
          null,
          null,
          null,
          null,
          null,
          null,
          null,
          null,
          0
        ],
        "branches": {}
      },
      "/myapp/app/controllers/users/sessions_controller.rb": {
        "lines": [
          null,
          null,
          0,
          null,
          null,
          null,
          null,
          null,
          null,
          null,
          null,
          null,
          null,
          null,
          null,
          null,
          null,
          null,
          null,
          null,
          null,
          null,
          null,
          null,
          null,
          null,
          0
        ],
        "branches": {}
      },
      "/myapp/app/controllers/users/unlocks_controller.rb": {
        "lines": [
          null,
          null,
          0,
          null,
          null,
          null,
          null,
          null,
          null,
          null,
          null,
          null,
          null,
          null,
          null,
          null,
          null,
          null,
          null,
          null,
          null,
          null,
          null,
          null,
          null,
          null,
          null,
          null,
          null,
          0
        ],
        "branches": {}
      },
      "/myapp/app/jobs/application_job.rb": {
        "lines": [
          0,
          null,
          null,
          null,
          null,
          null,
          0
        ],
        "branches": {}
      },
      "/myapp/app/jobs/check_inactive_users_job.rb": {
        "lines": [
          0,
          null,
          0,
          0,
          null,
          0,
          0,
          null,
          0,
          0,
          0,
          0,
          0,
          null,
          0,
          0,
          null,
          0,
          0,
          0,
          0,
          null,
          null,
          0,
          0,
          0,
          0,
          0,
          null,
          null,
          0,
          0,
          null,
          0,
          0,
          0,
          0,
          null,
          0,
          0,
          null,
          0,
          null,
          0,
          0,
          0,
          0,
          0,
          0,
          0,
          0,
          0,
          0,
          0,
          0,
          0,
          0,
          0,
          0
        ],
        "branches": {}
      },
      "/myapp/app/jobs/line_inactive_notify_job.rb": {
        "lines": [
          0,
          null,
          0,
          0,
          null,
          0,
          0,
          null,
          null,
          0,
          0,
          0,
          0,
          null,
          null,
          0,
          0,
          0,
          0,
          null,
          0,
          0,
          null,
          0,
          null,
          null,
          0,
          null,
          null,
          0,
          0,
          null,
          0,
          0,
          0,
          0,
          0,
          0,
          0,
          null,
          0,
          null,
          0,
          0,
          0,
          0,
          0,
          null,
          0,
          0,
          0,
          null,
          0,
          0,
          null,
          0,
          0,
          0,
          0,
          null,
          0,
          0,
          0,
          0,
          null,
          null,
          0,
          null,
          null,
          0,
          0,
          0,
          0,
          0,
          0,
          0,
          0,
          0,
          0,
          0,
          null,
          0,
          0,
          0,
          0,
          0
        ],
        "branches": {}
      },
      "/myapp/app/mailers/application_mailer.rb": {
        "lines": [
          0,
          0,
          0,
          0
        ],
        "branches": {}
      }
    },
    "timestamp": 1755500537
  }
}
